<project name="test-sinus.xml" app="Snap! 4.0, http://snap.berkeley.edu" version="1"><notes></notes><thumbnail>data:image/png;base64,iVBORw0KGgoAAAANSUhEUgAAAKAAAAB4CAYAAAB1ovlvAAAFZ0lEQVR4Ae2dPS9sXRiG13CiIqHTSVQ0/ACJRK+h8zdEj84P8AeUSgolCaFR+WiIhEajIQgRH3PmXm+WzDnmmfc4M+d5zpFrJWPv/ey11z37Wpe9Z49CpVpriQaBIAIdQbnEQiATQEBECCWAgKH4CUdAHAglgICh+AlHQBwIJYCAofgJR0AcCCWAgKH4CUdAHAglgICh+AlHQBwIJYCAofgJR0AcCCWAgKH4CUdAHAglgICh+AlHQBwIJYCAofgJR0AcCCWAgKH4CUdAHAglgICh+AlHQBwIJYCAofgJR0AcCCWAgKH4CUdAHAglgICh+AlHQBwIJYCAofgJR0AcCCWAgKH4CUdAHAglgICh+AlHQBwIJYCAofgJR0AcCCWAgKH4CUdAHAglgICh+AlHQBwIJYCAofgJR0AcCCXwLTT9C4VvbW39s2czMTER9t4r/LfM1tlLvvHx8dTZ2dn6YM4jvL6+pu3t7RQlIbfgFidc8o2Njf2T8unU9Uuj9x91BUfAFgXU4V1dXW0YJW6IyPePgG2a90qlkvQqrX57ZWUlnZ6epoWFhfc+ZX9fX1+uaXtubu7Dfo1X+mocrdfXtD45OZlr+qEcNfU7OjpqOqb2RzcEbNMMLC8vp97e3oajXV1d5avk4uJiWl9fz31GRkby+vX1dbq9vc2v2dnZtLq6mvfv7+/n5d3dXZqZmUn6x/a7u7t5eXFxkfcpU+34+DgvHx8fc47EUn9l1I+pTjqmfn8+MPKHHkJov09gc3MzH1yb2GpNwPeB5ufnq7V5rQ4MDOSl1vVSOzk5qap/TZC8XeqHh4fV5+fnvF+1y8vLvF8/tK3jSt9S07KMo/Xz83Mt3vvVj1lfrx9H9XIeWvds/xHxTPxiWWXiNKF61a521dqTZV6vn2SJUaQUgtJf60VcSVmOqd+v9YeHh/djNJZq5bjaE7iGyU37yjjqU9a1sxxTatourZxH2fZa8jVMbRZaaXp6jPoKo5X3/fOxUefBZ8CfZ+KT293d3fkz1ScP+6u66zOhziOicQVsA3VdPTo6OtLo6Kj5INKGmLYPcXNzkw4ODtLb21vYVRwB2zSt9/f3SU+uuh2/vLyknZ2dNo3854bp6elJQ0NDYVc/nRl/Czbmt/b0mpaWlvJXIEaXhuW9vb309PQUdkVp+Kb+4iJXwCaTMz09nb9PU5ezs7O0traWBgcHGx6h27Baf39/Gh4ebtiH4kcCCPiRyQ+VqampH7a1ob8y6EvfjY2NvF5/+/3QmUJTAjwFN8Xzazv1BPkVvor5tbNtby8+AzbhqVtwaf93Cy79WH6OAAIavH73IcQYjrJBgM+ABhjKPgT4DOjDmRSDAAIaYCj7EEBAH86kGAQQ0ABD2YcAAvpwJsUggIAGGMo+BBDQhzMpBgEENMBQ9iGAgD6cSTEIIKABhrIPAQT04UyKQQABDTCUfQggoA9nUgwCCGiAoexDAAF9OJNiEEBAAwxlHwII6MOZFIMAAhpgKPsQQEAfzqQYBBDQAEPZhwAC+nAmxSCAgAYYyj4EENCHMykGAQQ0wFD2IYCAPpxJMQggoAGGsg8BBPThTIpBAAENMJR9CCCgD2dSDAIIaICh7EMAAX04k2IQQEADDGUfAgjow5kUgwACGmAo+xBAQB/OpBgEENAAQ9mHAAL6cCbFIICABhjKPgQQ0IczKQYBBDTAUPYhgIA+nEkxCCCgAYayDwEE9OFMikEAAQ0wlH0IIKAPZ1IMAghogKHsQwABfTiTYhBAQAMMZR8CCOjDmRSDAAIaYCj7EEBAH86kGAQQ0ABD2YcAAvpwJsUggIAGGMo+BBDQhzMpBgEENMBQ9iHwHTRQSJETGCy8AAAAAElFTkSuQmCC</thumbnail><stage name="Stage" costume="0" tempo="60" threadsafe="false" codify="false" scheduled="false" id="1"><pentrails>data:image/png;base64,iVBORw0KGgoAAAANSUhEUgAAAeAAAAFoCAYAAACPNyggAAAL30lEQVR4Ae3QMQEAAADCoPVPbQwfiEBhwIABAwYMGDBgwIABAwYMGDBgwIABAwYMGDBgwIABAwYMGDBgwIABAwYMGDBgwIABAwYMGDBgwIABAwYMGDBgwIABAwYMGDBgwIABAwYMGDBgwIABAwYMGDBgwIABAwYMGDBgwIABAwYMGDBgwIABAwYMGDBgwIABAwYMGDBgwIABAwYMGDBgwIABAwYMGDBgwIABAwYMGDBgwIABAwYMGDBgwIABAwYMGDBgwIABAwYMGDBgwIABAwYMGDBgwIABAwYMGDBgwIABAwYMGDBgwIABAwYMGDBgwIABAwYMGDBgwIABAwYMGDBgwIABAwYMGDBgwIABAwYMGDBgwIABAwYMGDBgwIABAwYMGDBgwIABAwYMGDBgwIABAwYMGDBgwIABAwYMGDBgwIABAwYMGDBgwIABAwYMGDBgwIABAwYMGDBgwIABAwYMGDBgwIABAwYMGDBgwIABAwYMGDBgwIABAwYMGDBgwIABAwYMGDBgwIABAwYMGDBgwIABAwYMGDBgwIABAwYMGDBgwIABAwYMGDBgwIABAwYMGDBgwIABAwYMGDBgwIABAwYMGDBgwIABAwYMGDBgwIABAwYMGDBgwIABAwYMGDBgwIABAwYMGDBgwIABAwYMGDBgwIABAwYMGDBgwIABAwYMGDBgwIABAwYMGDBgwIABAwYMGDBgwIABAwYMGDBgwIABAwYMGDBgwIABAwYMGDBgwIABAwYMGDBgwIABAwYMGDBgwIABAwYMGDBgwIABAwYMGDBgwIABAwYMGDBgwIABAwYMGDBgwIABAwYMGDBgwIABAwYMGDBgwIABAwYMGDBgwIABAwYMGDBgwIABAwYMGDBgwIABAwYMGDBgwIABAwYMGDBgwIABAwYMGDBgwIABAwYMGDBgwIABAwYMGDBgwIABAwYMGDBgwIABAwYMGDBgwIABAwYMGDBgwIABAwYMGDBgwIABAwYMGDBgwIABAwYMGDBgwIABAwYMGDBgwIABAwYMGDBgwIABAwYMGDBgwIABAwYMGDBgwIABAwYMGDBgwIABAwYMGDBgwIABAwYMGDBgwIABAwYMGDBgwIABAwYMGDBgwIABAwYMGDBgwIABAwYMGDBgwIABAwYMGDBgwIABAwYMGDBgwIABAwYMGDBgwIABAwYMGDBgwIABAwYMGDBgwIABAwYMGDBgwIABAwYMGDBgwIABAwYMGDBgwIABAwYMGDBgwIABAwYMGDBgwIABAwYMGDBgwIABAwYMGDBgwIABAwYMGDBgwIABAwYMGDBgwIABAwYMGDBgwIABAwYMGDBgwIABAwYMGDBgwIABAwYMGDBgwIABAwYMGDBgwIABAwYMGDBgwIABAwYMGDBgwIABAwYMGDBgwIABAwYMGDBgwIABAwYMGDBgwIABAwYMGDBgwIABAwYMGDBgwIABAwYMGDBgwIABAwYMGDBgwIABAwYMGDBgwIABAwYMGDBgwIABAwYMGDBgwIABAwYMGDBgwIABAwYMGDBgwIABAwYMGDBgwIABAwYMGDBgwIABAwYMGDBgwIABAwYMGDBgwIABAwYMGDBgwIABAwYMGDBgwIABAwYMGDBgwIABAwYMGDBgwIABAwYMGDBgwIABAwYMGDBgwIABAwYMGDBgwIABAwYMGDBgwIABAwYMGDBgwIABAwYMGDBgwIABAwYMGDBgwIABAwYMGDBgwIABAwYMGDBgwIABAwYMGDBgwIABAwYMGDBgwIABAwYMGDBgwIABAwYMGDBgwIABAwYMGDBgwIABAwYMGDBgwIABAwYMGDBgwIABAwYMGDBgwIABAwYMGDBgwIABAwYMGDBgwIABAwYMGDBgwIABAwYMGDBgwIABAwYMGDBgwIABAwYMGDBgwIABAwYMGDBgwIABAwYMGDBgwIABAwYMGDBgwIABAwYMGDBgwIABAwYMGDBgwIABAwYMGDBgwIABAwYMGDBgwIABAwYMGDBgwIABAwYMGDBgwIABAwYMGDBgwIABAwYMGDBgwIABAwYMGDBgwIABAwYMGDBgwIABAwYMGDBgwIABAwYMGDBgwIABAwYMGDBgwIABAwYMGDBgwIABAwYMGDBgwIABAwYMGDBgwIABAwYMGDBgwIABAwYMGDBgwIABAwYMGDBgwIABAwYMGDBgwIABAwYMGDBgwIABAwYMGDBgwIABAwYMGDBgwIABAwYMGDBgwIABAwYMGDBgwIABAwYMGDBgwIABAwYMGDBgwIABAwYMGDBgwIABAwYMGDBgwIABAwYMGDBgwIABAwYMGDBgwIABAwYMGDBgwIABAwYMGDBgwIABAwYMGDBgwIABAwYMGDBgwIABAwYMGDBgwIABAwYMGDBgwIABAwYMGDBgwIABAwYMGDBgwIABAwYMGDBgwIABAwYMGDBgwIABAwYMGDBgwIABAwYMGDBgwIABAwYMGDBgwIABAwYMGDBgwIABAwYMGDBgwIABAwYMGDBgwIABAwYMGDBgwIABAwYMGDBgwIABAwYMGDBgwIABAwYMGDBgwIABAwYMGDBgwIABAwYMGDBgwIABAwYMGDBgwIABAwYMGDBgwIABAwYMGDBgwIABAwYMGDBgwIABAwYMGDBgwIABAwYMGDBgwIABAwYMGDBgwIABAwYMGDBgwIABAwYMGDBgwIABAwYMGDBgwIABAwYMGDBgwIABAwYMGDBgwIABAwYMGDBgwIABAwYMGDBgwIABAwYMGDBgwIABAwYMGDBgwIABAwYMGDBgwIABAwYMGDBgwIABAwYMGDBgwIABAwYMGDBgwIABAwYMGDBgwIABAwYMGDBgwIABAwYMGDBgwIABAwYMGDBgwIABAwYMGDBgwIABAwYMGDBgwIABAwYMGDBgwIABAwYMGDBgwIABAwYMGDBgwIABAwYMGDBgwIABAwYMGDBgwIABAwYMGDBgwIABAwYMGDBgwIABAwYMGDBgwIABAwYMGDBgwIABAwYMGDBgwIABAwYMGDBgwIABAwYMGDBgwIABAwYMGDBgwIABAwYMGDBgwIABAwYMGDBgwIABAwYMGDBgwIABAwYMGDBgwIABAwYMGDBgwIABAwYMGDBgwIABAwYMGDBgwIABAwYMGDBgwIABAwYMGDBgwIABAwYMGDBgwIABAwYMGDBgwIABAwYMGDBgwIABAwYMGDBgwIABAwYMGDBgwIABAwYMGDBgwIABAwYMGDBgwIABAwYMGDBgwIABAwYMGDBgwIABAwYMGDBgwIABAwYMGDBgwIABAwYMGDBgwIABAwYMGDBgwIABAwYMGDBgwIABAwYMGDBgwIABAwYMGDBgwIABAwYMGDBgwIABAwYMGDBgwIABAwYMGDBgwIABAwYMGDBgwIABAwYMGDBgwIABAwYMGDBgwIABAwYMGDBgwIABAwYMGDBgwIABAwYMGDBgwIABAwYMGDBgwIABAwYMGDBgwIABAwYMGDBgwIABAwYMGDBgwIABAwYMGDBgwIABAwYMGDBgwIABAwYMGDBgwIABAwYMGDBgwIABAwYMGDBgwIABAwYMGDBgwIABAwYMGDBgwIABAwYMGDBgwIABAwYMGDBgwIABAwYMGDBgwIABAwYMGDBgwIABAwYMGDBgwIABAwYMGDBgwIABAwYMGDBgwIABAwYMGDBgwIABAwYMGDBgwIABAwYMGDBgwIABAwYMGDBgwIABAwYMGDBgwIABAwYMGDBgwIABAwYMGDBgwIABAwYMGDBgwIABAwYMGDBgwIABAwYMGDBgwIABAwYMGDBgwIABAwYMGDBgwIABAwYMGDBgwIABAwYMGDBgwIABAwYMGDBgwIABAwYMGDBgwIABAwYMGDBgwIABAwYMGDBgwIABAwYMGDBgwIABAwYMGDBgwIABAwYMGDBgwIABAwYMGDBgwIABAwYMGDBgwIABAwYMGDBgwIABAwYMGDBgwIABAwYMGDBgwIABAwYMGDBgwIABAwYMGDBgwIABAwYMGDBgwIABAwYMGDBgwIABAwYMGPgMDI3+AAEeFvcCAAAAAElFTkSuQmCC</pentrails><costumes><list id="2"></list></costumes><sounds><list id="3"></list></sounds><variables></variables><blocks></blocks><scripts></scripts><sprites><sprite name="Sprite" idx="1" x="0" y="0" heading="90" scale="1" rotation="1" draggable="true" costume="0" color="80,80,80" pen="tip" id="8"><costumes><list id="9"></list></costumes><sounds><list id="10"></list></sounds><variables></variables><blocks></blocks><scripts><script x="141" y="48"><block s="receiveGo"></block><block s="doDeclareVariables"><list><l>amp</l><l>f</l><l>x</l><l>i</l><l>step</l></list></block><block s="doSetVar"><l>amp</l><l>20</l></block><block s="doSetVar"><l>f</l><l>2</l></block><block s="doSetVar"><l>i</l><l>0</l></block><block s="doSetVar"><l>step</l><l>0.1</l></block><block s="doForever"><script><block s="doSetVar"><l>x</l><block s="reportProduct"><block var="amp"/><block s="reportMonadic"><l><option>sin</option></l><block s="reportProduct"><l>2</l><block s="reportProduct"><l>3.14</l><block s="reportProduct"><block var="f"/><block var="i"/></block></block></block></block></block></block><custom-block s="setter %s %s %s"><l>base_pan</l><l>goal_position</l><block var="x"/></custom-block><block s="doSetVar"><l>i</l><block s="reportSum"><block var="i"/><block var="step"/></block></block><block s="doWait"><block var="step"/></block></script></block></script></scripts></sprite></sprites></stage><hidden></hidden><headers></headers><code></code><blocks><block-definition s="getter %&apos;motor&apos; %&apos;register&apos;" type="reporter" category="sensing"><header></header><code></code><inputs><input type="%s"></input><input type="%s"></input></inputs><script><block s="doReport"><block s="reportURL"><block s="reportJoinWords"><list><l>127.0.0.1:8080/</l><block var="motor"/><l>/</l><block var="register"/></list></block></block></block></script></block-definition><block-definition s="setter %&apos;motor&apos; %&apos;register&apos; %&apos;value&apos;" type="command" category="sensing"><header></header><code></code><inputs><input type="%s"></input><input type="%s"></input><input type="%s"></input></inputs><script><block s="doReport"><block s="reportURL"><block s="reportJoinWords"><list><l>127.0.0.1:8080/</l><block var="motor"/><l>/</l><block var="register"/><l>/</l><block var="value"/></list></block></block></block></script></block-definition></blocks><variables></variables></project>